#################################################################
# If you used AutoDock Vina in your work, please cite:          #
#                                                               #
# O. Trott, A. J. Olson,                                        #
# AutoDock Vina: improving the speed and accuracy of docking    #
# with a new scoring function, efficient optimization and       #
# multithreading, Journal of Computational Chemistry 31 (2010)  #
# 455-461                                                       #
#                                                               #
# DOI 10.1002/jcc.21334                                         #
#                                                               #
# Please see http://vina.scripps.edu for more information.      #
#################################################################

Output will be lig18309_out.pdbqt
Detected 40 CPUs
WARNING: at low exhaustiveness, it may be impossible to utilize all CPUs
Reading input ... done.
Setting up the scoring function ... done.
Analyzing the binding site ... done.
Using random seed: -448042252
Performing search ... done.
Refining results ... done.

mode |   affinity | dist from best mode
     | (kcal/mol) | rmsd l.b.| rmsd u.b.
-----+------------+----------+----------
   1         -6.6      0.000      0.000
   2         -6.4      3.556      8.294
   3         -6.3      2.455      4.386
   4         -6.2      2.510      3.517
   5         -6.0      3.117      4.492
   6         -6.0      3.764      7.418
   7         -5.9      4.137      8.315
   8         -5.8      2.260      4.034
   9         -5.7      4.830      9.131
Writing output ... done.
