#################################################################
# If you used AutoDock Vina in your work, please cite:          #
#                                                               #
# O. Trott, A. J. Olson,                                        #
# AutoDock Vina: improving the speed and accuracy of docking    #
# with a new scoring function, efficient optimization and       #
# multithreading, Journal of Computational Chemistry 31 (2010)  #
# 455-461                                                       #
#                                                               #
# DOI 10.1002/jcc.21334                                         #
#                                                               #
# Please see http://vina.scripps.edu for more information.      #
#################################################################

Output will be lig12359_out.pdbqt
Detected 8 CPUs
Reading input ... done.
Setting up the scoring function ... done.
Analyzing the binding site ... done.
Using random seed: -1595141608
Performing search ... done.
Refining results ... done.

mode |   affinity | dist from best mode
     | (kcal/mol) | rmsd l.b.| rmsd u.b.
-----+------------+----------+----------
   1         -7.6      0.000      0.000
   2         -7.4      5.288      6.658
   3         -7.3      3.134      4.263
   4         -7.2      2.199      3.858
   5         -7.1      4.822      8.866
   6         -7.1      4.436      6.156
   7         -7.1      5.099      6.917
   8         -7.1      4.778      8.678
   9         -6.9      5.352      6.555
Writing output ... done.
