#################################################################
# If you used AutoDock Vina in your work, please cite:          #
#                                                               #
# O. Trott, A. J. Olson,                                        #
# AutoDock Vina: improving the speed and accuracy of docking    #
# with a new scoring function, efficient optimization and       #
# multithreading, Journal of Computational Chemistry 31 (2010)  #
# 455-461                                                       #
#                                                               #
# DOI 10.1002/jcc.21334                                         #
#                                                               #
# Please see http://vina.scripps.edu for more information.      #
#################################################################

Output will be lig19919_out.pdbqt
Detected 40 CPUs
WARNING: at low exhaustiveness, it may be impossible to utilize all CPUs
Reading input ... done.
Setting up the scoring function ... done.
Analyzing the binding site ... done.
Using random seed: 332764322
Performing search ... done.
Refining results ... done.

mode |   affinity | dist from best mode
     | (kcal/mol) | rmsd l.b.| rmsd u.b.
-----+------------+----------+----------
   1         -5.8      0.000      0.000
   2         -5.8      2.014      3.616
   3         -5.8      2.505      4.169
   4         -5.7      0.510      2.767
   5         -5.7      3.211      7.059
   6         -5.7      2.306      4.122
   7         -5.6      2.682      4.768
   8         -5.4      3.150      7.306
   9         -5.4      3.262      6.947
Writing output ... done.
