This is an Ubuntu Container with Miniconda with ENV!!
no change     /miniconda/condabin/conda
no change     /miniconda/bin/conda
no change     /miniconda/bin/conda-env
no change     /miniconda/bin/activate
no change     /miniconda/bin/deactivate
no change     /miniconda/etc/profile.d/conda.sh
no change     /miniconda/etc/fish/conf.d/conda.fish
no change     /miniconda/shell/condabin/Conda.psm1
no change     /miniconda/shell/condabin/conda-hook.ps1
no change     /miniconda/lib/python2.7/site-packages/xontrib/conda.xsh
no change     /miniconda/etc/profile.d/conda.csh
no change     /home/alexjli/.bashrc
No action taken.

CommandNotFoundError: Your shell has not been properly configured to use 'conda activate'.
To initialize your shell, run

    $ conda init <SHELL_NAME>

Currently supported shells are:
  - bash
  - fish
  - tcsh
  - xonsh
  - zsh
  - powershell

See 'conda init --help' for more information and options.

IMPORTANT: You may need to close and restart your shell after running 'conda init'.


no change     /miniconda/condabin/conda
no change     /miniconda/bin/conda
no change     /miniconda/bin/conda-env
no change     /miniconda/bin/activate
no change     /miniconda/bin/deactivate
no change     /miniconda/etc/profile.d/conda.sh
no change     /miniconda/etc/fish/conf.d/conda.fish
no change     /miniconda/shell/condabin/Conda.psm1
no change     /miniconda/shell/condabin/conda-hook.ps1
no change     /miniconda/lib/python2.7/site-packages/xontrib/conda.xsh
no change     /miniconda/etc/profile.d/conda.csh
no change     /home/alexjli/.bashrc
No action taken.
mkdir: cannot create directory 'results1': File exists
/miniconda/envs/jtnn_env/lib/python2.7/site-packages/torch/nn/_reduction.py:43: UserWarning: size_average and reduce args will be deprecated, please use reduction='sum' instead.
  warnings.warn(warning.format(ret))
Initializing network
Compiling adam updates
Training
Epoch: 0, Mini-batch: 0 of 6 - Energy: 11776.6617429 Time: 0.357683897018
Epoch: 0, Mini-batch: 1 of 6 - Energy: 12110.8041833 Time: 0.267085075378
Epoch: 0, Mini-batch: 2 of 6 - Energy: 12133.7546726 Time: 0.261600017548
Epoch: 0, Mini-batch: 3 of 6 - Energy: 12265.9742974 Time: 0.285361051559
Epoch: 0, Mini-batch: 4 of 6 - Energy: 12090.6297496 Time: 0.254026889801
Epoch: 0, Mini-batch: 5 of 6 - Energy: 4587.46183918 Time: 0.159899950027
Test error: 1.8080997476 Test ll: -2.36669726841
Train error: 1.79482553288 Train ll: -2.35611360951
Epoch: 1, Mini-batch: 0 of 6 - Energy: 11976.290959 Time: 0.239548206329
Epoch: 1, Mini-batch: 1 of 6 - Energy: 11984.2373405 Time: 0.23898601532
Epoch: 1, Mini-batch: 2 of 6 - Energy: 12151.9213491 Time: 0.246180057526
Epoch: 1, Mini-batch: 3 of 6 - Energy: 11429.2411511 Time: 0.245958089828
Epoch: 1, Mini-batch: 4 of 6 - Energy: 11453.2993133 Time: 0.243376016617
Epoch: 1, Mini-batch: 5 of 6 - Energy: 5005.73124777 Time: 0.139679908752
Test error: 1.78535529987 Test ll: -2.32585645176
Train error: 1.76992991298 Train ll: -2.31231165817
Epoch: 2, Mini-batch: 0 of 6 - Energy: 11988.930959 Time: 0.23161482811
Epoch: 2, Mini-batch: 1 of 6 - Energy: 11893.862005 Time: 0.237333059311
Epoch: 2, Mini-batch: 2 of 6 - Energy: 11351.5210446 Time: 0.240676879883
Epoch: 2, Mini-batch: 3 of 6 - Energy: 11192.4888393 Time: 0.239740133286
Epoch: 2, Mini-batch: 4 of 6 - Energy: 11598.4124398 Time: 0.228256940842
Epoch: 2, Mini-batch: 5 of 6 - Energy: 4713.09987515 Time: 0.126086950302
Test error: 1.75527434479 Test ll: -2.27529934191
Train error: 1.73682750961 Train ll: -2.25772969075
Epoch: 3, Mini-batch: 0 of 6 - Energy: 11488.6364087 Time: 0.214027166367
Epoch: 3, Mini-batch: 1 of 6 - Energy: 11085.0523205 Time: 0.217530012131
Epoch: 3, Mini-batch: 2 of 6 - Energy: 11106.8525468 Time: 0.220098972321
Epoch: 3, Mini-batch: 3 of 6 - Energy: 11234.3633331 Time: 0.219352006912
Epoch: 3, Mini-batch: 4 of 6 - Energy: 11793.8840215 Time: 0.220040082932
Epoch: 3, Mini-batch: 5 of 6 - Energy: 4470.50246543 Time: 0.119349002838
Test error: 1.71797128886 Test ll: -2.21607325438
Train error: 1.69538474836 Train ll: -2.19323793585
Epoch: 4, Mini-batch: 0 of 6 - Energy: 11085.1194081 Time: 0.235259056091
Epoch: 4, Mini-batch: 1 of 6 - Energy: 10706.3659145 Time: 0.236794948578
Epoch: 4, Mini-batch: 2 of 6 - Energy: 11198.4855616 Time: 0.235930919647
Epoch: 4, Mini-batch: 3 of 6 - Energy: 10956.5764119 Time: 0.23135304451
Epoch: 4, Mini-batch: 4 of 6 - Energy: 10875.3207392 Time: 0.239868164062
Epoch: 4, Mini-batch: 5 of 6 - Energy: 4642.1943642 Time: 0.135329008102
Test error: 1.6794075043 Test ll: -2.15740373118
Train error: 1.6529587079 Train ll: -2.13011344154
Epoch: 5, Mini-batch: 0 of 6 - Energy: 10699.7504029 Time: 0.214309930801
Epoch: 5, Mini-batch: 1 of 6 - Energy: 10975.8383721 Time: 0.218930959702
Epoch: 5, Mini-batch: 2 of 6 - Energy: 10815.0804096 Time: 0.219073057175
Epoch: 5, Mini-batch: 3 of 6 - Energy: 10211.8474466 Time: 0.219087123871
Epoch: 5, Mini-batch: 4 of 6 - Energy: 10600.0850165 Time: 0.219588041306
Epoch: 5, Mini-batch: 5 of 6 - Energy: 4699.70953519 Time: 0.118238925934
Test error: 1.64983414007 Test ll: -2.11333056978
Train error: 1.62232117996 Train ll: -2.08544186165
Epoch: 6, Mini-batch: 0 of 6 - Energy: 10839.1764762 Time: 0.244430065155
Epoch: 6, Mini-batch: 1 of 6 - Energy: 10819.0329132 Time: 0.246088981628
Epoch: 6, Mini-batch: 2 of 6 - Energy: 10574.067229 Time: 0.247242927551
Epoch: 6, Mini-batch: 3 of 6 - Energy: 10211.9143433 Time: 0.246221065521
Epoch: 6, Mini-batch: 4 of 6 - Energy: 10433.9196353 Time: 0.240447998047
Epoch: 6, Mini-batch: 5 of 6 - Energy: 4148.28063636 Time: 0.138520956039
Test error: 1.62907170265 Test ll: -2.0824599457
Train error: 1.60149525053 Train ll: -2.05494610017
Epoch: 7, Mini-batch: 0 of 6 - Energy: 10404.18519 Time: 0.228170156479
Epoch: 7, Mini-batch: 1 of 6 - Energy: 10596.1789984 Time: 0.235571146011
Epoch: 7, Mini-batch: 2 of 6 - Energy: 10370.9757269 Time: 0.238520145416
Epoch: 7, Mini-batch: 3 of 6 - Energy: 9928.6972941 Time: 0.237684011459
Epoch: 7, Mini-batch: 4 of 6 - Energy: 10694.4834138 Time: 0.233514070511
Epoch: 7, Mini-batch: 5 of 6 - Energy: 4304.31878251 Time: 0.120115995407
Test error: 1.61422551535 Test ll: -2.06010291478
Train error: 1.58643315271 Train ll: -2.03272609478
Epoch: 8, Mini-batch: 0 of 6 - Energy: 10207.4783101 Time: 0.213074922562
Epoch: 8, Mini-batch: 1 of 6 - Energy: 10479.2226602 Time: 0.227900028229
Epoch: 8, Mini-batch: 2 of 6 - Energy: 10210.9812706 Time: 0.219512939453
Epoch: 8, Mini-batch: 3 of 6 - Energy: 10760.8164766 Time: 0.225204229355
Epoch: 8, Mini-batch: 4 of 6 - Energy: 9946.02549718 Time: 0.219097852707
Epoch: 8, Mini-batch: 5 of 6 - Energy: 4183.06792227 Time: 0.120494127274
Test error: 1.60390922959 Test ll: -2.04392082181
Train error: 1.57597611325 Train ll: -2.01669466858
Epoch: 9, Mini-batch: 0 of 6 - Energy: 10021.7992606 Time: 0.224789142609
Epoch: 9, Mini-batch: 1 of 6 - Energy: 10628.3701568 Time: 0.231506109238
Epoch: 9, Mini-batch: 2 of 6 - Energy: 10423.8061953 Time: 0.233319997787
Epoch: 9, Mini-batch: 3 of 6 - Energy: 10353.7477283 Time: 0.236392974854
Epoch: 9, Mini-batch: 4 of 6 - Energy: 9994.41973735 Time: 0.223067045212
Epoch: 9, Mini-batch: 5 of 6 - Energy: 3987.79495753 Time: 0.138053894043
Test error: 1.59609322306 Test ll: -2.03126794803
Train error: 1.56826568384 Train ll: -2.00442938458
Epoch: 10, Mini-batch: 0 of 6 - Energy: 10119.644582 Time: 0.218764066696
Epoch: 10, Mini-batch: 1 of 6 - Energy: 10369.7780983 Time: 0.222038984299
Epoch: 10, Mini-batch: 2 of 6 - Energy: 10296.7568648 Time: 0.22577381134
Epoch: 10, Mini-batch: 3 of 6 - Energy: 10086.2261197 Time: 0.221610069275
Epoch: 10, Mini-batch: 4 of 6 - Energy: 10134.8292563 Time: 0.2244348526
Epoch: 10, Mini-batch: 5 of 6 - Energy: 4106.30972015 Time: 0.119939088821
Test error: 1.59063019703 Test ll: -2.02169411912
Train error: 1.56223313923 Train ll: -1.99447671544
Epoch: 11, Mini-batch: 0 of 6 - Energy: 10141.8656612 Time: 0.240828990936
Epoch: 11, Mini-batch: 1 of 6 - Energy: 10017.8440901 Time: 0.23930478096
Epoch: 11, Mini-batch: 2 of 6 - Energy: 10249.4284458 Time: 0.244668006897
Epoch: 11, Mini-batch: 3 of 6 - Energy: 10281.1600227 Time: 0.243425130844
Epoch: 11, Mini-batch: 4 of 6 - Energy: 10364.4656769 Time: 0.254449129105
Epoch: 11, Mini-batch: 5 of 6 - Energy: 3833.54517737 Time: 0.140913963318
Test error: 1.58633557908 Test ll: -2.01377494861
Train error: 1.55754110783 Train ll: -1.98634874191
Epoch: 12, Mini-batch: 0 of 6 - Energy: 10335.878459 Time: 0.224179029465
Epoch: 12, Mini-batch: 1 of 6 - Energy: 10097.6640737 Time: 0.242645025253
Epoch: 12, Mini-batch: 2 of 6 - Energy: 10042.8823298 Time: 0.23584985733
Epoch: 12, Mini-batch: 3 of 6 - Energy: 10224.5988631 Time: 0.232443094254
Epoch: 12, Mini-batch: 4 of 6 - Energy: 10005.5155756 Time: 0.237203836441
Epoch: 12, Mini-batch: 5 of 6 - Energy: 3983.34428566 Time: 0.121431112289
Test error: 1.5822804729 Test ll: -2.00627038163
Train error: 1.55407101547 Train ll: -1.97977534913
Epoch: 13, Mini-batch: 0 of 6 - Energy: 9938.7625665 Time: 0.213091850281
Epoch: 13, Mini-batch: 1 of 6 - Energy: 10617.7705833 Time: 0.219911813736
Epoch: 13, Mini-batch: 2 of 6 - Energy: 10098.796805 Time: 0.22140622139
Epoch: 13, Mini-batch: 3 of 6 - Energy: 10091.2824382 Time: 0.21955704689
Epoch: 13, Mini-batch: 4 of 6 - Energy: 9813.81368531 Time: 0.222944021225
Epoch: 13, Mini-batch: 5 of 6 - Energy: 3973.030428 Time: 0.117645025253
Test error: 1.58047086215 Test ll: -2.00164157662
Train error: 1.55086758323 Train ll: -1.97366131008
Epoch: 14, Mini-batch: 0 of 6 - Energy: 9962.68096142 Time: 0.225565910339
Epoch: 14, Mini-batch: 1 of 6 - Energy: 9982.69668776 Time: 0.231298923492
Epoch: 14, Mini-batch: 2 of 6 - Energy: 10070.5773463 Time: 0.231823921204
Epoch: 14, Mini-batch: 3 of 6 - Energy: 10217.1669269 Time: 0.232650995255
Epoch: 14, Mini-batch: 4 of 6 - Energy: 10214.390612 Time: 0.229398012161
Epoch: 14, Mini-batch: 5 of 6 - Energy: 3939.2786134 Time: 0.133338928223
Test error: 1.57811646607 Test ll: -1.99639877717
Train error: 1.54838490573 Train ll: -1.96845137911
Epoch: 15, Mini-batch: 0 of 6 - Energy: 10118.8692927 Time: 0.219227075577
Epoch: 15, Mini-batch: 1 of 6 - Energy: 10077.3556812 Time: 0.220231056213
Epoch: 15, Mini-batch: 2 of 6 - Energy: 9867.64115513 Time: 0.221619844437
Epoch: 15, Mini-batch: 3 of 6 - Energy: 10048.2954631 Time: 0.225777864456
Epoch: 15, Mini-batch: 4 of 6 - Energy: 10143.5276673 Time: 0.217278003693
Epoch: 15, Mini-batch: 5 of 6 - Energy: 3989.81354833 Time: 0.11799287796
Test error: 1.57564768542 Test ll: -1.99109620442
Train error: 1.54608261112 Train ll: -1.96358532054
Epoch: 16, Mini-batch: 0 of 6 - Energy: 10296.8123668 Time: 0.246177196503
Epoch: 16, Mini-batch: 1 of 6 - Energy: 9601.40561732 Time: 0.239925146103
Epoch: 16, Mini-batch: 2 of 6 - Energy: 9888.76650059 Time: 0.247382879257
Epoch: 16, Mini-batch: 3 of 6 - Energy: 9896.69817509 Time: 0.243945121765
Epoch: 16, Mini-batch: 4 of 6 - Energy: 10255.1630377 Time: 0.241765975952
Epoch: 16, Mini-batch: 5 of 6 - Energy: 4194.49445362 Time: 0.140329122543
Test error: 1.57472014882 Test ll: -1.98761961511
Train error: 1.54399986651 Train ll: -1.95893048869
Epoch: 17, Mini-batch: 0 of 6 - Energy: 9829.651937 Time: 0.236801862717
Epoch: 17, Mini-batch: 1 of 6 - Energy: 10231.9150865 Time: 0.24112701416
Epoch: 17, Mini-batch: 2 of 6 - Energy: 10117.1018397 Time: 0.237211942673
Epoch: 17, Mini-batch: 3 of 6 - Energy: 10055.984442 Time: 0.239964008331
Epoch: 17, Mini-batch: 4 of 6 - Energy: 9865.77996264 Time: 0.234261989594
Epoch: 17, Mini-batch: 5 of 6 - Energy: 3914.98099138 Time: 0.133589029312
Test error: 1.57334757296 Test ll: -1.98369651208
Train error: 1.54233437067 Train ll: -1.95483940138
Epoch: 18, Mini-batch: 0 of 6 - Energy: 10168.2678325 Time: 0.214066982269
Epoch: 18, Mini-batch: 1 of 6 - Energy: 9897.34669885 Time: 0.222455024719
Epoch: 18, Mini-batch: 2 of 6 - Energy: 9927.33769709 Time: 0.223468065262
Epoch: 18, Mini-batch: 3 of 6 - Energy: 10235.398852 Time: 0.219845056534
Epoch: 18, Mini-batch: 4 of 6 - Energy: 9775.9672646 Time: 0.221874952316
Epoch: 18, Mini-batch: 5 of 6 - Energy: 3905.39245403 Time: 0.12032699585
Test error: 1.57159826344 Test ll: -1.97941623583
Train error: 1.54051627783 Train ll: -1.95063556644
Epoch: 19, Mini-batch: 0 of 6 - Energy: 10312.6043634 Time: 0.227009057999
Epoch: 19, Mini-batch: 1 of 6 - Energy: 9668.20932559 Time: 0.232164144516
Epoch: 19, Mini-batch: 2 of 6 - Energy: 9951.27936177 Time: 0.229499101639
Epoch: 19, Mini-batch: 3 of 6 - Energy: 9721.7580781 Time: 0.228800058365
Epoch: 19, Mini-batch: 4 of 6 - Energy: 10210.3943489 Time: 0.22841501236
Epoch: 19, Mini-batch: 5 of 6 - Energy: 3950.43638405 Time: 0.136400938034
Test error: 1.56948993448 Test ll: -1.97468298959
Train error: 1.53919263461 Train ll: -1.947063979
Epoch: 20, Mini-batch: 0 of 6 - Energy: 10164.6665326 Time: 0.217284917831
Epoch: 20, Mini-batch: 1 of 6 - Energy: 10057.6065817 Time: 0.222676038742
Epoch: 20, Mini-batch: 2 of 6 - Energy: 10034.709733 Time: 0.221376180649
Epoch: 20, Mini-batch: 3 of 6 - Energy: 10281.8218467 Time: 0.219060182571
Epoch: 20, Mini-batch: 4 of 6 - Energy: 9419.88396016 Time: 0.218926906586
Epoch: 20, Mini-batch: 5 of 6 - Energy: 3758.74848438 Time: 0.120313167572
Test error: 1.56860775785 Test ll: -1.97157146034
Train error: 1.53766676422 Train ll: -1.94326581178
Epoch: 21, Mini-batch: 0 of 6 - Energy: 9807.08474525 Time: 0.242850065231
Epoch: 21, Mini-batch: 1 of 6 - Energy: 9890.66153101 Time: 0.244257926941
Epoch: 21, Mini-batch: 2 of 6 - Energy: 9988.51696253 Time: 0.249768018723
Epoch: 21, Mini-batch: 3 of 6 - Energy: 9945.89679102 Time: 0.246393918991
Epoch: 21, Mini-batch: 4 of 6 - Energy: 10054.5874028 Time: 0.2425968647
Epoch: 21, Mini-batch: 5 of 6 - Energy: 3936.05593621 Time: 0.142413139343
Test error: 1.56817795692 Test ll: -1.96886200054
Train error: 1.53623499802 Train ll: -1.93963397415
Epoch: 22, Mini-batch: 0 of 6 - Energy: 9714.06937439 Time: 0.223756790161
Epoch: 22, Mini-batch: 1 of 6 - Energy: 10100.3133597 Time: 0.232592821121
Epoch: 22, Mini-batch: 2 of 6 - Energy: 10119.0272271 Time: 0.229725122452
Epoch: 22, Mini-batch: 3 of 6 - Energy: 9964.5314387 Time: 0.234570980072
Epoch: 22, Mini-batch: 4 of 6 - Energy: 9650.1752537 Time: 0.232727766037
Epoch: 22, Mini-batch: 5 of 6 - Energy: 3992.16960312 Time: 0.124324083328
Test error: 1.56687194047 Test ll: -1.96528854194
Train error: 1.53479460799 Train ll: -1.9361303877
Epoch: 23, Mini-batch: 0 of 6 - Energy: 10464.7258903 Time: 0.215699911118
Epoch: 23, Mini-batch: 1 of 6 - Energy: 10205.0111537 Time: 0.22030711174
Epoch: 23, Mini-batch: 2 of 6 - Energy: 9535.26026264 Time: 0.217845916748
Epoch: 23, Mini-batch: 3 of 6 - Energy: 9603.08343478 Time: 0.222859144211
Epoch: 23, Mini-batch: 4 of 6 - Energy: 9596.50836499 Time: 0.21949005127
Epoch: 23, Mini-batch: 5 of 6 - Energy: 4056.5499263 Time: 0.119396924973
Test error: 1.56576619555 Test ll: -1.96191555655
Train error: 1.53395380725 Train ll: -1.93316802784
Epoch: 24, Mini-batch: 0 of 6 - Energy: 9972.97461244 Time: 0.225833892822
Epoch: 24, Mini-batch: 1 of 6 - Energy: 9782.24169768 Time: 0.232315063477
Epoch: 24, Mini-batch: 2 of 6 - Energy: 9840.54375068 Time: 0.229922056198
Epoch: 24, Mini-batch: 3 of 6 - Energy: 10196.9332815 Time: 0.227000951767
Epoch: 24, Mini-batch: 4 of 6 - Energy: 9805.36678375 Time: 0.227008104324
Epoch: 24, Mini-batch: 5 of 6 - Energy: 3770.5169387 Time: 0.135060071945
Test error: 1.56505750453 Test ll: -1.95911688078
Train error: 1.53244425803 Train ll: -1.92962462705
Epoch: 25, Mini-batch: 0 of 6 - Energy: 9575.49788669 Time: 0.222508907318
Epoch: 25, Mini-batch: 1 of 6 - Energy: 10101.7460862 Time: 0.221491098404
Epoch: 25, Mini-batch: 2 of 6 - Energy: 9898.48864005 Time: 0.220389842987
Epoch: 25, Mini-batch: 3 of 6 - Energy: 10014.1807238 Time: 0.220281124115
Epoch: 25, Mini-batch: 4 of 6 - Energy: 9674.25315066 Time: 0.224462032318
Epoch: 25, Mini-batch: 5 of 6 - Energy: 4027.05909884 Time: 0.119573831558
Test error: 1.56460008556 Test ll: -1.95654824376
Train error: 1.53142640419 Train ll: -1.92664043591
Epoch: 26, Mini-batch: 0 of 6 - Energy: 9602.31235648 Time: 0.245232105255
Epoch: 26, Mini-batch: 1 of 6 - Energy: 9898.75071978 Time: 0.24781703949
Epoch: 26, Mini-batch: 2 of 6 - Energy: 9883.92144656 Time: 0.251044034958
Epoch: 26, Mini-batch: 3 of 6 - Energy: 10018.222515 Time: 0.244883060455
Epoch: 26, Mini-batch: 4 of 6 - Energy: 10077.2262614 Time: 0.244720935822
Epoch: 26, Mini-batch: 5 of 6 - Energy: 3732.85227332 Time: 0.145505189896
Test error: 1.56327112434 Test ll: -1.95315364707
Train error: 1.53027815352 Train ll: -1.92362762063
Epoch: 27, Mini-batch: 0 of 6 - Energy: 9742.57241396 Time: 0.228579044342
Epoch: 27, Mini-batch: 1 of 6 - Energy: 9892.95488345 Time: 0.2406270504
Epoch: 27, Mini-batch: 2 of 6 - Energy: 10023.4216925 Time: 0.233665943146
Epoch: 27, Mini-batch: 3 of 6 - Energy: 9919.3202718 Time: 0.232064008713
Epoch: 27, Mini-batch: 4 of 6 - Energy: 9692.41921935 Time: 0.241059064865
Epoch: 27, Mini-batch: 5 of 6 - Energy: 3870.846319 Time: 0.123425960541
Test error: 1.56230189981 Test ll: -1.95008033506
Train error: 1.5293938367 Train ll: -1.92082105646
Epoch: 28, Mini-batch: 0 of 6 - Energy: 9800.88395177 Time: 0.212796926498
Epoch: 28, Mini-batch: 1 of 6 - Energy: 9875.99541656 Time: 0.228310108185
Epoch: 28, Mini-batch: 2 of 6 - Energy: 9494.26123001 Time: 0.22154211998
Epoch: 28, Mini-batch: 3 of 6 - Energy: 10045.2458275 Time: 0.225994110107
Epoch: 28, Mini-batch: 4 of 6 - Energy: 9849.58451721 Time: 0.230552911758
Epoch: 28, Mini-batch: 5 of 6 - Energy: 4008.04267925 Time: 0.120194911957
Test error: 1.56333773545 Test ll: -1.94937320819
Train error: 1.52842502538 Train ll: -1.91800950478
Epoch: 29, Mini-batch: 0 of 6 - Energy: 9960.51530532 Time: 0.223541975021
Epoch: 29, Mini-batch: 1 of 6 - Energy: 9559.192778 Time: 0.231027126312
Epoch: 29, Mini-batch: 2 of 6 - Energy: 9798.36457275 Time: 0.228523015976
Epoch: 29, Mini-batch: 3 of 6 - Energy: 9577.17427283 Time: 0.230865955353
Epoch: 29, Mini-batch: 4 of 6 - Energy: 10229.1455373 Time: 0.230404138565
Epoch: 29, Mini-batch: 5 of 6 - Energy: 3870.42231222 Time: 0.135099887848
Test error: 1.56107284987 Test ll: -1.94502487071
Train error: 1.52730718558 Train ll: -1.91513415411
Epoch: 30, Mini-batch: 0 of 6 - Energy: 9920.82521731 Time: 0.216907024384
Epoch: 30, Mini-batch: 1 of 6 - Energy: 9898.86890008 Time: 0.22199010849
Epoch: 30, Mini-batch: 2 of 6 - Energy: 9347.53049052 Time: 0.219100952148
Epoch: 30, Mini-batch: 3 of 6 - Energy: 9771.20758492 Time: 0.221786975861
Epoch: 30, Mini-batch: 4 of 6 - Energy: 9871.71280338 Time: 0.223628997803
Epoch: 30, Mini-batch: 5 of 6 - Energy: 4127.68054354 Time: 0.117295980453
Test error: 1.55975622766 Test ll: -1.94164551864
Train error: 1.52663163126 Train ll: -1.91264376738
Epoch: 31, Mini-batch: 0 of 6 - Energy: 9677.73166918 Time: 0.243272066116
Epoch: 31, Mini-batch: 1 of 6 - Energy: 9713.31147417 Time: 0.246317863464
Epoch: 31, Mini-batch: 2 of 6 - Energy: 9864.38217557 Time: 0.240896940231
Epoch: 31, Mini-batch: 3 of 6 - Energy: 9715.90760922 Time: 0.239804983139
Epoch: 31, Mini-batch: 4 of 6 - Energy: 10072.3177439 Time: 0.24980711937
Epoch: 31, Mini-batch: 5 of 6 - Energy: 3815.17442526 Time: 0.139827013016
Test error: 1.5600183174 Test ll: -1.94024924785
Train error: 1.525467723 Train ll: -1.9098157436
Epoch: 32, Mini-batch: 0 of 6 - Energy: 9774.09020366 Time: 0.224710941315
Epoch: 32, Mini-batch: 1 of 6 - Energy: 9438.73772669 Time: 0.235139131546
Epoch: 32, Mini-batch: 2 of 6 - Energy: 10251.0330123 Time: 0.231408834457
Epoch: 32, Mini-batch: 3 of 6 - Energy: 9849.2693101 Time: 0.238852024078
Epoch: 32, Mini-batch: 4 of 6 - Energy: 9789.23872083 Time: 0.234819889069
Epoch: 32, Mini-batch: 5 of 6 - Energy: 3705.97855953 Time: 0.119655132294
Test error: 1.56048292305 Test ll: -1.93900323022
Train error: 1.52475029076 Train ll: -1.90739016801
Epoch: 33, Mini-batch: 0 of 6 - Energy: 9828.0964442 Time: 0.213326931
Epoch: 33, Mini-batch: 1 of 6 - Energy: 9988.2222102 Time: 0.22340798378
Epoch: 33, Mini-batch: 2 of 6 - Energy: 9641.63457314 Time: 0.218490839005
Epoch: 33, Mini-batch: 3 of 6 - Energy: 9742.27206107 Time: 0.222196817398
Epoch: 33, Mini-batch: 4 of 6 - Energy: 9680.36398839 Time: 0.221781015396
Epoch: 33, Mini-batch: 5 of 6 - Energy: 3859.67465888 Time: 0.119827985764
Test error: 1.55938938702 Test ll: -1.93604233909
Train error: 1.52399713174 Train ll: -1.90498202077
Epoch: 34, Mini-batch: 0 of 6 - Energy: 9391.14881901 Time: 0.223017930984
Epoch: 34, Mini-batch: 1 of 6 - Energy: 9568.7768717 Time: 0.228491067886
Epoch: 34, Mini-batch: 2 of 6 - Energy: 10148.5349918 Time: 0.227931976318
Epoch: 34, Mini-batch: 3 of 6 - Energy: 9933.72523852 Time: 0.230968952179
Epoch: 34, Mini-batch: 4 of 6 - Energy: 9711.17415298 Time: 0.242237091064
Epoch: 34, Mini-batch: 5 of 6 - Energy: 3925.01261494 Time: 0.139077186584
Test error: 1.55789800001 Test ll: -1.93265706435
Train error: 1.52295871412 Train ll: -1.90231559238
Epoch: 35, Mini-batch: 0 of 6 - Energy: 9933.07159677 Time: 0.221675157547
Epoch: 35, Mini-batch: 1 of 6 - Energy: 9697.94864179 Time: 0.219584226608
Epoch: 35, Mini-batch: 2 of 6 - Energy: 9717.60192283 Time: 0.220071792603
Epoch: 35, Mini-batch: 3 of 6 - Energy: 10147.1863799 Time: 0.2223508358
Epoch: 35, Mini-batch: 4 of 6 - Energy: 9389.33836601 Time: 0.221508026123
Epoch: 35, Mini-batch: 5 of 6 - Energy: 3736.96932161 Time: 0.119678020477
Test error: 1.55770929901 Test ll: -1.93079282301
Train error: 1.52217754052 Train ll: -1.90001742716
Epoch: 36, Mini-batch: 0 of 6 - Energy: 9733.35753665 Time: 0.244667053223
Epoch: 36, Mini-batch: 1 of 6 - Energy: 9517.19232948 Time: 0.244971990585
Epoch: 36, Mini-batch: 2 of 6 - Energy: 10009.137865 Time: 0.238771915436
Epoch: 36, Mini-batch: 3 of 6 - Energy: 9553.773743 Time: 0.240482091904
Epoch: 36, Mini-batch: 4 of 6 - Energy: 9806.00512355 Time: 0.247555971146
Epoch: 36, Mini-batch: 5 of 6 - Energy: 3945.09664706 Time: 0.136988162994
Test error: 1.55813892497 Test ll: -1.92962359128
Train error: 1.52168447224 Train ll: -1.89794905489
Epoch: 37, Mini-batch: 0 of 6 - Energy: 9423.19049471 Time: 0.230895042419
Epoch: 37, Mini-batch: 1 of 6 - Energy: 10004.1143418 Time: 0.241255044937
Epoch: 37, Mini-batch: 2 of 6 - Energy: 9667.04280966 Time: 0.233453989029
Epoch: 37, Mini-batch: 3 of 6 - Energy: 9495.16291176 Time: 0.234937906265
Epoch: 37, Mini-batch: 4 of 6 - Energy: 9950.12569086 Time: 0.230705976486
Epoch: 37, Mini-batch: 5 of 6 - Energy: 3962.46348783 Time: 0.123393058777
Test error: 1.55683451621 Test ll: -1.92666680512
Train error: 1.52073341648 Train ll: -1.89553805374
Epoch: 38, Mini-batch: 0 of 6 - Energy: 9540.45145646 Time: 0.213523864746
Epoch: 38, Mini-batch: 1 of 6 - Energy: 9890.56927789 Time: 0.226113080978
Epoch: 38, Mini-batch: 2 of 6 - Energy: 9610.68421123 Time: 0.225368976593
Epoch: 38, Mini-batch: 3 of 6 - Energy: 9827.78069667 Time: 0.216523885727
Epoch: 38, Mini-batch: 4 of 6 - Energy: 9725.79022715 Time: 0.223511219025
Epoch: 38, Mini-batch: 5 of 6 - Energy: 3848.17470324 Time: 0.119452953339
Test error: 1.55622619575 Test ll: -1.92441740654
Train error: 1.51991998014 Train ll: -1.89324880895
Epoch: 39, Mini-batch: 0 of 6 - Energy: 9561.62414898 Time: 0.226408004761
Epoch: 39, Mini-batch: 1 of 6 - Energy: 9715.75508796 Time: 0.224957942963
Epoch: 39, Mini-batch: 2 of 6 - Energy: 9693.36672156 Time: 0.226994037628
Epoch: 39, Mini-batch: 3 of 6 - Energy: 9717.62727932 Time: 0.239216089249
Epoch: 39, Mini-batch: 4 of 6 - Energy: 9842.667291 Time: 0.230525016785
Epoch: 39, Mini-batch: 5 of 6 - Energy: 3866.23522962 Time: 0.137228012085
Test error: 1.55626601592 Test ll: -1.92291142175
Train error: 1.5191822078 Train ll: -1.89109117606
Epoch: 40, Mini-batch: 0 of 6 - Energy: 9705.85495877 Time: 0.220852136612
Epoch: 40, Mini-batch: 1 of 6 - Energy: 9818.34207267 Time: 0.220826864243
Epoch: 40, Mini-batch: 2 of 6 - Energy: 9840.59581269 Time: 0.221844911575
Epoch: 40, Mini-batch: 3 of 6 - Energy: 9453.98267742 Time: 0.221056938171
Epoch: 40, Mini-batch: 4 of 6 - Energy: 9729.91052959 Time: 0.223959922791
Epoch: 40, Mini-batch: 5 of 6 - Energy: 3788.02924095 Time: 0.119697093964
Test error: 1.55601105609 Test ll: -1.92109984228
Train error: 1.51867001631 Train ll: -1.88918770791
Epoch: 41, Mini-batch: 0 of 6 - Energy: 9756.66097016 Time: 0.243155956268
Epoch: 41, Mini-batch: 1 of 6 - Energy: 9396.59740972 Time: 0.247283220291
Epoch: 41, Mini-batch: 2 of 6 - Energy: 9623.35976685 Time: 0.242409944534
Epoch: 41, Mini-batch: 3 of 6 - Energy: 9664.01473074 Time: 0.238350152969
Epoch: 41, Mini-batch: 4 of 6 - Energy: 9966.27752124 Time: 0.246599912643
Epoch: 41, Mini-batch: 5 of 6 - Energy: 3881.51803782 Time: 0.140213012695
Test error: 1.55486582959 Test ll: -1.91843217864
Train error: 1.51767129603 Train ll: -1.88683596414
Epoch: 42, Mini-batch: 0 of 6 - Energy: 9386.63589233 Time: 0.230340957642
Epoch: 42, Mini-batch: 1 of 6 - Energy: 9483.75586734 Time: 0.23769402504
Epoch: 42, Mini-batch: 2 of 6 - Energy: 9678.42381715 Time: 0.226644039154
Epoch: 42, Mini-batch: 3 of 6 - Energy: 9789.83805853 Time: 0.235783100128
Epoch: 42, Mini-batch: 4 of 6 - Energy: 9895.92541681 Time: 0.23787689209
Epoch: 42, Mini-batch: 5 of 6 - Energy: 4003.94093186 Time: 0.121443033218
Test error: 1.55558066383 Test ll: -1.91774182717
Train error: 1.51739370829 Train ll: -1.88519714747
Epoch: 43, Mini-batch: 0 of 6 - Energy: 9846.63719363 Time: 0.215528964996
Epoch: 43, Mini-batch: 1 of 6 - Energy: 9561.68118156 Time: 0.219573974609
Epoch: 43, Mini-batch: 2 of 6 - Energy: 9565.05773921 Time: 0.223139047623
Epoch: 43, Mini-batch: 3 of 6 - Energy: 9585.65528569 Time: 0.223737001419
Epoch: 43, Mini-batch: 4 of 6 - Energy: 9639.67644336 Time: 0.223206996918
Epoch: 43, Mini-batch: 5 of 6 - Energy: 3991.69559687 Time: 0.118571996689
Test error: 1.55434369334 Test ll: -1.91501559649
Train error: 1.51627832076 Train ll: -1.88283941854
Epoch: 44, Mini-batch: 0 of 6 - Energy: 9307.62151794 Time: 0.230282068253
Epoch: 44, Mini-batch: 1 of 6 - Energy: 9883.37246246 Time: 0.229320049286
Epoch: 44, Mini-batch: 2 of 6 - Energy: 9757.12413508 Time: 0.227317094803
Epoch: 44, Mini-batch: 3 of 6 - Energy: 9703.76956713 Time: 0.238991975784
Epoch: 44, Mini-batch: 4 of 6 - Energy: 9797.48716468 Time: 0.225082874298
Epoch: 44, Mini-batch: 5 of 6 - Energy: 3695.22502575 Time: 0.136140108109
Test error: 1.55290560069 Test ll: -1.9120581522
Train error: 1.515711289 Train ll: -1.88097139334
Epoch: 45, Mini-batch: 0 of 6 - Energy: 10046.3177757 Time: 0.223490953445
Epoch: 45, Mini-batch: 1 of 6 - Energy: 10017.1602283 Time: 0.220541000366
Epoch: 45, Mini-batch: 2 of 6 - Energy: 9316.23674188 Time: 0.218089818954
Epoch: 45, Mini-batch: 3 of 6 - Energy: 9624.01939864 Time: 0.222175121307
Epoch: 45, Mini-batch: 4 of 6 - Energy: 9357.89828659 Time: 0.217836856842
Epoch: 45, Mini-batch: 5 of 6 - Energy: 3736.16238199 Time: 0.119760990143
Test error: 1.55364050813 Test ll: -1.91151253039
Train error: 1.51534386995 Train ll: -1.8793387998
Epoch: 46, Mini-batch: 0 of 6 - Energy: 9546.70151538 Time: 0.254973888397
Epoch: 46, Mini-batch: 1 of 6 - Energy: 9661.04362295 Time: 0.242763996124
Epoch: 46, Mini-batch: 2 of 6 - Energy: 9844.41289648 Time: 0.245703935623
Epoch: 46, Mini-batch: 3 of 6 - Energy: 9462.25518791 Time: 0.251200914383
Epoch: 46, Mini-batch: 4 of 6 - Energy: 9501.30471435 Time: 0.246556043625
Epoch: 46, Mini-batch: 5 of 6 - Energy: 4038.5787911 Time: 0.145289182663
Test error: 1.55416138302 Test ll: -1.91061960665
Train error: 1.51452550344 Train ll: -1.87730892459
Epoch: 47, Mini-batch: 0 of 6 - Energy: 9621.9861501 Time: 0.232713222504
Epoch: 47, Mini-batch: 1 of 6 - Energy: 9667.83246771 Time: 0.235634088516
Epoch: 47, Mini-batch: 2 of 6 - Energy: 9669.23772546 Time: 0.233721971512
Epoch: 47, Mini-batch: 3 of 6 - Energy: 9814.09529046 Time: 0.235113143921
Epoch: 47, Mini-batch: 4 of 6 - Energy: 9393.68697422 Time: 0.235556125641
Epoch: 47, Mini-batch: 5 of 6 - Energy: 3837.21908881 Time: 0.130211830139
Test error: 1.55216966156 Test ll: -1.90728081682
Train error: 1.51393687162 Train ll: -1.87559084982
Epoch: 48, Mini-batch: 0 of 6 - Energy: 9481.05710217 Time: 0.214181900024
Epoch: 48, Mini-batch: 1 of 6 - Energy: 9587.78400553 Time: 0.221698999405
Epoch: 48, Mini-batch: 2 of 6 - Energy: 9497.85331889 Time: 0.22311091423
Epoch: 48, Mini-batch: 3 of 6 - Energy: 9765.80927301 Time: 0.22067117691
Epoch: 48, Mini-batch: 4 of 6 - Energy: 9685.30498486 Time: 0.220293045044
Epoch: 48, Mini-batch: 5 of 6 - Energy: 3954.3025003 Time: 0.118519067764
Test error: 1.55156330431 Test ll: -1.90539578773
Train error: 1.51329413461 Train ll: -1.87376676519
Epoch: 49, Mini-batch: 0 of 6 - Energy: 9715.36181286 Time: 0.23176908493
Epoch: 49, Mini-batch: 1 of 6 - Energy: 9551.84918246 Time: 0.238327980042
Epoch: 49, Mini-batch: 2 of 6 - Energy: 9809.68433323 Time: 0.235136032104
Epoch: 49, Mini-batch: 3 of 6 - Energy: 9270.88808567 Time: 0.239315986633
Epoch: 49, Mini-batch: 4 of 6 - Energy: 9787.33163099 Time: 0.225546121597
Epoch: 49, Mini-batch: 5 of 6 - Energy: 3790.75054448 Time: 0.135035991669
Test error: 1.55309911264 Test ll: -1.90574009986
Train error: 1.51276806753 Train ll: -1.87211983757
Epoch: 50, Mini-batch: 0 of 6 - Energy: 9834.17561574 Time: 0.213288068771
Epoch: 50, Mini-batch: 1 of 6 - Energy: 9648.43730976 Time: 0.222230195999
Epoch: 50, Mini-batch: 2 of 6 - Energy: 9537.16094556 Time: 0.218643903732
Epoch: 50, Mini-batch: 3 of 6 - Energy: 9441.91244011 Time: 0.221004962921
Epoch: 50, Mini-batch: 4 of 6 - Energy: 9546.2281027 Time: 0.221876144409
Epoch: 50, Mini-batch: 5 of 6 - Energy: 3869.50564044 Time: 0.118544101715
Test error: 1.55258175977 Test ll: -1.90381050905
Train error: 1.51246346692 Train ll: -1.87065103929
Epoch: 51, Mini-batch: 0 of 6 - Energy: 9427.39282111 Time: 0.243741035461
Epoch: 51, Mini-batch: 1 of 6 - Energy: 9571.53862001 Time: 0.24599814415
Epoch: 51, Mini-batch: 2 of 6 - Energy: 9642.84629734 Time: 0.243113994598
Epoch: 51, Mini-batch: 3 of 6 - Energy: 9631.11456615 Time: 0.244691133499
Epoch: 51, Mini-batch: 4 of 6 - Energy: 9670.20606949 Time: 0.248575925827
Epoch: 51, Mini-batch: 5 of 6 - Energy: 3884.92131991 Time: 0.137617826462
Test error: 1.55136698831 Test ll: -1.90149005067
Train error: 1.51127952579 Train ll: -1.86852267423
Epoch: 52, Mini-batch: 0 of 6 - Energy: 9422.54727227 Time: 0.230579137802
Epoch: 52, Mini-batch: 1 of 6 - Energy: 9770.09627974 Time: 0.233575105667
Epoch: 52, Mini-batch: 2 of 6 - Energy: 9948.77092825 Time: 0.237591028214
Epoch: 52, Mini-batch: 3 of 6 - Energy: 9594.87942213 Time: 0.241284132004
Epoch: 52, Mini-batch: 4 of 6 - Energy: 9450.43226907 Time: 0.242391109467
Epoch: 52, Mini-batch: 5 of 6 - Energy: 3615.13233707 Time: 0.120756864548
Test error: 1.55159076439 Test ll: -1.90051586459
Train error: 1.51076297067 Train ll: -1.86697625154
Epoch: 53, Mini-batch: 0 of 6 - Energy: 9888.67396845 Time: 0.214114904404
Epoch: 53, Mini-batch: 1 of 6 - Energy: 9428.86855557 Time: 0.223476886749
Epoch: 53, Mini-batch: 2 of 6 - Energy: 9535.99021107 Time: 0.215807914734
Epoch: 53, Mini-batch: 3 of 6 - Energy: 9614.65747526 Time: 0.22060418129
Epoch: 53, Mini-batch: 4 of 6 - Energy: 9447.86827537 Time: 0.227782964706
Epoch: 53, Mini-batch: 5 of 6 - Energy: 3835.66581996 Time: 0.120792150497
Test error: 1.5508427744 Test ll: -1.89852515579
Train error: 1.51099246352 Train ll: -1.86602936528
Epoch: 54, Mini-batch: 0 of 6 - Energy: 9536.11987883 Time: 0.226210832596
Epoch: 54, Mini-batch: 1 of 6 - Energy: 9642.35400693 Time: 0.224476099014
Epoch: 54, Mini-batch: 2 of 6 - Energy: 9660.20791382 Time: 0.238355875015
Epoch: 54, Mini-batch: 3 of 6 - Energy: 9303.54919804 Time: 0.224881887436
Epoch: 54, Mini-batch: 4 of 6 - Energy: 9773.24335315 Time: 0.224732875824
Epoch: 54, Mini-batch: 5 of 6 - Energy: 3797.03920717 Time: 0.136131048203
Test error: 1.55093126541 Test ll: -1.89754164057
Train error: 1.50955919999 Train ll: -1.86372363916
Epoch: 55, Mini-batch: 0 of 6 - Energy: 9703.45261234 Time: 0.214535951614
Epoch: 55, Mini-batch: 1 of 6 - Energy: 9350.99755679 Time: 0.222611188889
Epoch: 55, Mini-batch: 2 of 6 - Energy: 9577.6385634 Time: 0.224426031113
Epoch: 55, Mini-batch: 3 of 6 - Energy: 9702.20692948 Time: 0.219586133957
Epoch: 55, Mini-batch: 4 of 6 - Energy: 9692.39635394 Time: 0.21914601326
Epoch: 55, Mini-batch: 5 of 6 - Energy: 3652.33140491 Time: 0.119850158691
Test error: 1.55033263665 Test ll: -1.89581810746
Train error: 1.50901078762 Train ll: -1.86222804378
Epoch: 56, Mini-batch: 0 of 6 - Energy: 9441.5273039 Time: 0.243750810623
Epoch: 56, Mini-batch: 1 of 6 - Energy: 9612.38083169 Time: 0.238151073456
Epoch: 56, Mini-batch: 2 of 6 - Energy: 9768.02257104 Time: 0.241712808609
Epoch: 56, Mini-batch: 3 of 6 - Energy: 9784.52014484 Time: 0.245992898941
Epoch: 56, Mini-batch: 4 of 6 - Energy: 9162.23070685 Time: 0.244479894638
Epoch: 56, Mini-batch: 5 of 6 - Energy: 3868.05192392 Time: 0.137292861938
Test error: 1.54986083789 Test ll: -1.89421939668
Train error: 1.50873559307 Train ll: -1.86098017473
Epoch: 57, Mini-batch: 0 of 6 - Energy: 9604.01474746 Time: 0.235722780228
Epoch: 57, Mini-batch: 1 of 6 - Energy: 9722.25252976 Time: 0.235275030136
Epoch: 57, Mini-batch: 2 of 6 - Energy: 9218.01378678 Time: 0.235820055008
Epoch: 57, Mini-batch: 3 of 6 - Energy: 9449.68298211 Time: 0.239545106888
Epoch: 57, Mini-batch: 4 of 6 - Energy: 9581.67942855 Time: 0.241158008575
Epoch: 57, Mini-batch: 5 of 6 - Energy: 4028.43619288 Time: 0.121541023254
Test error: 1.54938861835 Test ll: -1.89271888691
Train error: 1.5080317333 Train ll: -1.85938320909
Epoch: 58, Mini-batch: 0 of 6 - Energy: 9566.06516497 Time: 0.216152191162
Epoch: 58, Mini-batch: 1 of 6 - Energy: 9357.07731055 Time: 0.219759941101
Epoch: 58, Mini-batch: 2 of 6 - Energy: 9584.08443147 Time: 0.223818063736
Epoch: 58, Mini-batch: 3 of 6 - Energy: 9815.48347436 Time: 0.22452878952
Epoch: 58, Mini-batch: 4 of 6 - Energy: 9660.75058157 Time: 0.224148035049
Epoch: 58, Mini-batch: 5 of 6 - Energy: 3582.85756044 Time: 0.120861053467
Test error: 1.54900173967 Test ll: -1.8913324734
Train error: 1.50715909555 Train ll: -1.85768443253
Epoch: 59, Mini-batch: 0 of 6 - Energy: 9624.00674558 Time: 0.23490190506
Epoch: 59, Mini-batch: 1 of 6 - Energy: 9656.72621 Time: 0.241719961166
Epoch: 59, Mini-batch: 2 of 6 - Energy: 9295.24809391 Time: 0.23455286026
Epoch: 59, Mini-batch: 3 of 6 - Energy: 9686.89450933 Time: 0.229644060135
Epoch: 59, Mini-batch: 4 of 6 - Energy: 9457.43598543 Time: 0.235428094864
Epoch: 59, Mini-batch: 5 of 6 - Energy: 3818.06117571 Time: 0.135110139847
Test error: 1.54830663561 Test ll: -1.88959109218
Train error: 1.5070419158 Train ll: -1.85660840666
Epoch: 60, Mini-batch: 0 of 6 - Energy: 9481.06601951 Time: 0.211645126343
Epoch: 60, Mini-batch: 1 of 6 - Energy: 9615.09617135 Time: 0.220375061035
Epoch: 60, Mini-batch: 2 of 6 - Energy: 9256.72939699 Time: 0.219725131989
Epoch: 60, Mini-batch: 3 of 6 - Energy: 9395.04515095 Time: 0.219037055969
Epoch: 60, Mini-batch: 4 of 6 - Energy: 9853.21272779 Time: 0.217378854752
Epoch: 60, Mini-batch: 5 of 6 - Energy: 3899.77298792 Time: 0.118633985519
Test error: 1.54951118484 Test ll: -1.88970079829
Train error: 1.50670033771 Train ll: -1.85541465
Epoch: 61, Mini-batch: 0 of 6 - Energy: 9554.40656034 Time: 0.23889708519
Epoch: 61, Mini-batch: 1 of 6 - Energy: 9403.70896675 Time: 0.258740901947
Epoch: 61, Mini-batch: 2 of 6 - Energy: 9235.0123463 Time: 0.240011930466
Epoch: 61, Mini-batch: 3 of 6 - Energy: 9591.69039398 Time: 0.250298976898
Epoch: 61, Mini-batch: 4 of 6 - Energy: 9740.96573505 Time: 0.250874042511
Epoch: 61, Mini-batch: 5 of 6 - Energy: 3942.13869933 Time: 0.14280796051
Test error: 1.54829849445 Test ll: -1.88761436355
Train error: 1.50596164368 Train ll: -1.85391260719
Epoch: 62, Mini-batch: 0 of 6 - Energy: 9703.93005345 Time: 0.227140903473
Epoch: 62, Mini-batch: 1 of 6 - Energy: 9659.45716419 Time: 0.228541135788
Epoch: 62, Mini-batch: 2 of 6 - Energy: 9590.0105008 Time: 0.228196144104
Epoch: 62, Mini-batch: 3 of 6 - Energy: 9416.5848713 Time: 0.23447394371
Epoch: 62, Mini-batch: 4 of 6 - Energy: 9333.47562753 Time: 0.229990959167
Epoch: 62, Mini-batch: 5 of 6 - Energy: 3743.95153493 Time: 0.121280908585
Test error: 1.54900756269 Test ll: -1.88735713946
Train error: 1.50555505171 Train ll: -1.85269470437
Epoch: 63, Mini-batch: 0 of 6 - Energy: 9457.8649042 Time: 0.214075088501
Epoch: 63, Mini-batch: 1 of 6 - Energy: 9317.84125775 Time: 0.218578100204
Epoch: 63, Mini-batch: 2 of 6 - Energy: 9618.85432235 Time: 0.218927145004
Epoch: 63, Mini-batch: 3 of 6 - Energy: 9469.71932317 Time: 0.217128992081
Epoch: 63, Mini-batch: 4 of 6 - Energy: 9420.87653691 Time: 0.217240095139
Epoch: 63, Mini-batch: 5 of 6 - Energy: 4121.72234245 Time: 0.11790394783
Test error: 1.54820711712 Test ll: -1.88551464645
Train error: 1.50511908024 Train ll: -1.85143263274
Epoch: 64, Mini-batch: 0 of 6 - Energy: 9406.86844462 Time: 0.22371006012
Epoch: 64, Mini-batch: 1 of 6 - Energy: 9609.32422543 Time: 0.224523067474
Epoch: 64, Mini-batch: 2 of 6 - Energy: 9545.59800968 Time: 0.228985786438
Epoch: 64, Mini-batch: 3 of 6 - Energy: 9492.55638402 Time: 0.229557991028
Epoch: 64, Mini-batch: 4 of 6 - Energy: 9636.41504805 Time: 0.225940227509
Epoch: 64, Mini-batch: 5 of 6 - Energy: 3685.82094441 Time: 0.136337041855
Test error: 1.54769672183 Test ll: -1.88421835688
Train error: 1.50430480124 Train ll: -1.84995103368
Epoch: 65, Mini-batch: 0 of 6 - Energy: 9677.4825534 Time: 0.214495897293
Epoch: 65, Mini-batch: 1 of 6 - Energy: 9566.29529533 Time: 0.220729112625
Epoch: 65, Mini-batch: 2 of 6 - Energy: 9624.53834938 Time: 0.215917825699
Epoch: 65, Mini-batch: 3 of 6 - Energy: 9409.83231248 Time: 0.223565101624
Epoch: 65, Mini-batch: 4 of 6 - Energy: 9382.92163815 Time: 0.218322038651
Epoch: 65, Mini-batch: 5 of 6 - Energy: 3691.15882314 Time: 0.118692159653
Test error: 1.54769267768 Test ll: -1.88325530876
Train error: 1.50429086309 Train ll: -1.84905845906
Epoch: 66, Mini-batch: 0 of 6 - Energy: 9556.55288235 Time: 0.243062019348
Epoch: 66, Mini-batch: 1 of 6 - Energy: 9366.26790753 Time: 0.240368843079
Epoch: 66, Mini-batch: 2 of 6 - Energy: 9601.55132049 Time: 0.240698814392
Epoch: 66, Mini-batch: 3 of 6 - Energy: 9697.38684865 Time: 0.240108013153
Epoch: 66, Mini-batch: 4 of 6 - Energy: 9392.77254672 Time: 0.250327110291
Epoch: 66, Mini-batch: 5 of 6 - Energy: 3692.79792495 Time: 0.138571977615
Test error: 1.54687281446 Test ll: -1.88164393216
Train error: 1.50319969853 Train ll: -1.84737374659
Epoch: 67, Mini-batch: 0 of 6 - Energy: 9598.41412178 Time: 0.233942985535
Epoch: 67, Mini-batch: 1 of 6 - Energy: 9768.59167132 Time: 0.233690977097
Epoch: 67, Mini-batch: 2 of 6 - Energy: 9345.38464896 Time: 0.238168001175
Epoch: 67, Mini-batch: 3 of 6 - Energy: 9534.76231465 Time: 0.239920854568
Epoch: 67, Mini-batch: 4 of 6 - Energy: 9317.18149077 Time: 0.235089063644
Epoch: 67, Mini-batch: 5 of 6 - Energy: 3715.71441615 Time: 0.11971116066
Test error: 1.54633323145 Test ll: -1.88023183801
Train error: 1.50286644076 Train ll: -1.84634472689
Epoch: 68, Mini-batch: 0 of 6 - Energy: 9543.6850176 Time: 0.215768098831
Epoch: 68, Mini-batch: 1 of 6 - Energy: 9378.4254758 Time: 0.218209981918
Epoch: 68, Mini-batch: 2 of 6 - Energy: 9501.04562771 Time: 0.218800067902
Epoch: 68, Mini-batch: 3 of 6 - Energy: 9589.92551006 Time: 0.221596956253
Epoch: 68, Mini-batch: 4 of 6 - Energy: 9424.9100932 Time: 0.220760822296
Epoch: 68, Mini-batch: 5 of 6 - Energy: 3818.4209923 Time: 0.11807012558
Test error: 1.5466695241 Test ll: -1.87970642115
Train error: 1.50238443783 Train ll: -1.84513083625
Epoch: 69, Mini-batch: 0 of 6 - Energy: 9362.34278639 Time: 0.225644111633
Epoch: 69, Mini-batch: 1 of 6 - Energy: 9434.5626675 Time: 0.229210853577
Epoch: 69, Mini-batch: 2 of 6 - Energy: 9634.04464729 Time: 0.223701000214
Epoch: 69, Mini-batch: 3 of 6 - Energy: 9501.59435869 Time: 0.224584102631
Epoch: 69, Mini-batch: 4 of 6 - Energy: 9402.79530394 Time: 0.227340936661
Epoch: 69, Mini-batch: 5 of 6 - Energy: 3888.44335265 Time: 0.134510040283
Test error: 1.5468105114 Test ll: -1.87904514261
Train error: 1.50211056435 Train ll: -1.84418055336
Epoch: 70, Mini-batch: 0 of 6 - Energy: 9360.67995917 Time: 0.214000940323
Epoch: 70, Mini-batch: 1 of 6 - Energy: 9447.31066292 Time: 0.22132396698
Epoch: 70, Mini-batch: 2 of 6 - Energy: 9442.32024973 Time: 0.218345880508
Epoch: 70, Mini-batch: 3 of 6 - Energy: 9585.54957732 Time: 0.215978860855
Epoch: 70, Mini-batch: 4 of 6 - Energy: 9435.06452325 Time: 0.225897073746
Epoch: 70, Mini-batch: 5 of 6 - Energy: 3932.70014228 Time: 0.116812944412
Test error: 1.54682121023 Test ll: -1.87825209954
Train error: 1.50135165248 Train ll: -1.84283485431
Epoch: 71, Mini-batch: 0 of 6 - Energy: 9429.78107155 Time: 0.239959955215
Epoch: 71, Mini-batch: 1 of 6 - Energy: 9491.46844792 Time: 0.239805936813
Epoch: 71, Mini-batch: 2 of 6 - Energy: 9590.9099378 Time: 0.23949098587
Epoch: 71, Mini-batch: 3 of 6 - Energy: 9460.76713297 Time: 0.240401983261
Epoch: 71, Mini-batch: 4 of 6 - Energy: 9389.84635711 Time: 0.245356082916
Epoch: 71, Mini-batch: 5 of 6 - Energy: 3803.0769196 Time: 0.136596918106
Test error: 1.54566370136 Test ll: -1.87638464598
Train error: 1.50076413134 Train ll: -1.84166440927
Epoch: 72, Mini-batch: 0 of 6 - Energy: 9446.10045006 Time: 0.22637295723
Epoch: 72, Mini-batch: 1 of 6 - Energy: 9285.18002206 Time: 0.229753017426
Epoch: 72, Mini-batch: 2 of 6 - Energy: 9436.08318551 Time: 0.2320291996
Epoch: 72, Mini-batch: 3 of 6 - Energy: 9268.50754679 Time: 0.234620809555
Epoch: 72, Mini-batch: 4 of 6 - Energy: 9747.61967384 Time: 0.230251073837
Epoch: 72, Mini-batch: 5 of 6 - Energy: 3969.67435398 Time: 0.119612932205
Test error: 1.54489448416 Test ll: -1.87484763093
Train error: 1.50055202107 Train ll: -1.84076163804
Epoch: 73, Mini-batch: 0 of 6 - Energy: 9724.53557258 Time: 0.212583065033
Epoch: 73, Mini-batch: 1 of 6 - Energy: 9346.78185544 Time: 0.22464299202
Epoch: 73, Mini-batch: 2 of 6 - Energy: 9602.06546354 Time: 0.221434116364
Epoch: 73, Mini-batch: 3 of 6 - Energy: 9237.82054257 Time: 0.224776029587
Epoch: 73, Mini-batch: 4 of 6 - Energy: 9491.4436339 Time: 0.225455999374
Epoch: 73, Mini-batch: 5 of 6 - Energy: 3714.70204968 Time: 0.119192123413
Test error: 1.54550162764 Test ll: -1.87465352503
Train error: 1.49996153648 Train ll: -1.83965744092
Epoch: 74, Mini-batch: 0 of 6 - Energy: 9223.02270641 Time: 0.228812932968
Epoch: 74, Mini-batch: 1 of 6 - Energy: 9683.84566058 Time: 0.232747793198
Epoch: 74, Mini-batch: 2 of 6 - Energy: 9417.87497406 Time: 0.232713937759
Epoch: 74, Mini-batch: 3 of 6 - Energy: 9523.71488334 Time: 0.240401983261
Epoch: 74, Mini-batch: 4 of 6 - Energy: 9329.3609607 Time: 0.224981069565
Epoch: 74, Mini-batch: 5 of 6 - Energy: 3923.0356561 Time: 0.134358167648
Test error: 1.54612037386 Test ll: -1.87447079247
Train error: 1.49957096201 Train ll: -1.83864938811
Epoch: 75, Mini-batch: 0 of 6 - Energy: 9661.19634307 Time: 0.217673778534
Epoch: 75, Mini-batch: 1 of 6 - Energy: 9364.59748425 Time: 0.22335100174
Epoch: 75, Mini-batch: 2 of 6 - Energy: 9293.33982347 Time: 0.225890874863
Epoch: 75, Mini-batch: 3 of 6 - Energy: 9657.15570758 Time: 0.223039865494
Epoch: 75, Mini-batch: 4 of 6 - Energy: 9352.21593941 Time: 0.21802687645
Epoch: 75, Mini-batch: 5 of 6 - Energy: 3745.70236507 Time: 0.120916843414
Test error: 1.54540888809 Test ll: -1.87313696493
Train error: 1.49910038706 Train ll: -1.83762467207
Epoch: 76, Mini-batch: 0 of 6 - Energy: 9811.99837363 Time: 0.241308927536
Epoch: 76, Mini-batch: 1 of 6 - Energy: 9391.40395413 Time: 0.240519046783
Epoch: 76, Mini-batch: 2 of 6 - Energy: 9497.78161824 Time: 0.239464998245
Epoch: 76, Mini-batch: 3 of 6 - Energy: 9218.85464785 Time: 0.242912054062
Epoch: 76, Mini-batch: 4 of 6 - Energy: 9285.0333034 Time: 0.245929002762
Epoch: 76, Mini-batch: 5 of 6 - Energy: 3845.99833439 Time: 0.148835897446
Test error: 1.54396613223 Test ll: -1.87110272411
Train error: 1.49870099496 Train ll: -1.83669568149
Epoch: 77, Mini-batch: 0 of 6 - Energy: 9526.02237573 Time: 0.232820987701
Epoch: 77, Mini-batch: 1 of 6 - Energy: 9430.52113035 Time: 0.236457109451
Epoch: 77, Mini-batch: 2 of 6 - Energy: 9573.95731263 Time: 0.232134103775
Epoch: 77, Mini-batch: 3 of 6 - Energy: 9213.18718844 Time: 0.230919122696
Epoch: 77, Mini-batch: 4 of 6 - Energy: 9419.65660969 Time: 0.235933065414
Epoch: 77, Mini-batch: 5 of 6 - Energy: 3859.0921619 Time: 0.124128103256
Test error: 1.54453775135 Test ll: -1.87095184618
Train error: 1.49829813395 Train ll: -1.8357364596
Epoch: 78, Mini-batch: 0 of 6 - Energy: 9242.29010606 Time: 0.21438908577
Epoch: 78, Mini-batch: 1 of 6 - Energy: 9188.84172592 Time: 0.223289012909
Epoch: 78, Mini-batch: 2 of 6 - Energy: 9736.8473367 Time: 0.223888874054
Epoch: 78, Mini-batch: 3 of 6 - Energy: 9568.12607021 Time: 0.218752145767
Epoch: 78, Mini-batch: 4 of 6 - Energy: 9495.39452198 Time: 0.2200319767
Epoch: 78, Mini-batch: 5 of 6 - Energy: 3772.18606423 Time: 0.117516040802
Test error: 1.54500133412 Test ll: -1.87069967406
Train error: 1.49771131395 Train ll: -1.83467771111
Epoch: 79, Mini-batch: 0 of 6 - Energy: 9344.83148648 Time: 0.229104042053
Epoch: 79, Mini-batch: 1 of 6 - Energy: 9304.87282681 Time: 0.229361057281
Epoch: 79, Mini-batch: 2 of 6 - Energy: 9319.29629006 Time: 0.22770190239
Epoch: 79, Mini-batch: 3 of 6 - Energy: 9640.00918996 Time: 0.228524923325
Epoch: 79, Mini-batch: 4 of 6 - Energy: 9608.39065026 Time: 0.22825884819
Epoch: 79, Mini-batch: 5 of 6 - Energy: 3754.87288071 Time: 0.135969877243
Test error: 1.54375722971 Test ll: -1.8688442584
Train error: 1.49705484595 Train ll: -1.83361190229
Epoch: 80, Mini-batch: 0 of 6 - Energy: 9328.90293302 Time: 0.225564002991
Epoch: 80, Mini-batch: 1 of 6 - Energy: 9452.73770366 Time: 0.221233129501
Epoch: 80, Mini-batch: 2 of 6 - Energy: 9439.42810546 Time: 0.224873065948
Epoch: 80, Mini-batch: 3 of 6 - Energy: 9740.78554509 Time: 0.218320846558
Epoch: 80, Mini-batch: 4 of 6 - Energy: 9191.67698523 Time: 0.223288059235
Epoch: 80, Mini-batch: 5 of 6 - Energy: 3806.10043787 Time: 0.118483066559
Test error: 1.54360436824 Test ll: -1.86811626251
Train error: 1.49682400596 Train ll: -1.83282079937
Epoch: 81, Mini-batch: 0 of 6 - Energy: 9295.58322173 Time: 0.240540027618
Epoch: 81, Mini-batch: 1 of 6 - Energy: 10059.8503095 Time: 0.239392995834
Epoch: 81, Mini-batch: 2 of 6 - Energy: 9345.59717508 Time: 0.242439031601
Epoch: 81, Mini-batch: 3 of 6 - Energy: 9136.37843445 Time: 0.238246917725
Epoch: 81, Mini-batch: 4 of 6 - Energy: 9280.03014604 Time: 0.242906093597
Epoch: 81, Mini-batch: 5 of 6 - Energy: 3818.28135128 Time: 0.143655061722
Test error: 1.54428709117 Test ll: -1.86813349761
Train error: 1.49642789247 Train ll: -1.83195882198
Epoch: 82, Mini-batch: 0 of 6 - Energy: 9206.01251603 Time: 0.237281084061
Epoch: 82, Mini-batch: 1 of 6 - Energy: 9516.54006953 Time: 0.228626012802
Epoch: 82, Mini-batch: 2 of 6 - Energy: 9757.44416694 Time: 0.24166893959
Epoch: 82, Mini-batch: 3 of 6 - Energy: 9573.89039709 Time: 0.235183000565
Epoch: 82, Mini-batch: 4 of 6 - Energy: 9218.07137622 Time: 0.244695901871
Epoch: 82, Mini-batch: 5 of 6 - Energy: 3639.91834235 Time: 0.124358177185
Test error: 1.54384900636 Test ll: -1.86708057165
Train error: 1.49588091363 Train ll: -1.83097683336
Epoch: 83, Mini-batch: 0 of 6 - Energy: 9633.68299239 Time: 0.215548992157
Epoch: 83, Mini-batch: 1 of 6 - Energy: 9296.59461707 Time: 0.218553066254
Epoch: 83, Mini-batch: 2 of 6 - Energy: 9469.66004834 Time: 0.221698045731
Epoch: 83, Mini-batch: 3 of 6 - Energy: 9367.06358318 Time: 0.222234010696
Epoch: 83, Mini-batch: 4 of 6 - Energy: 9288.88206819 Time: 0.220515966415
Epoch: 83, Mini-batch: 5 of 6 - Energy: 3835.16266241 Time: 0.119848966599
Test error: 1.54271139046 Test ll: -1.86540960699
Train error: 1.49555645294 Train ll: -1.83019229621
Epoch: 84, Mini-batch: 0 of 6 - Energy: 9400.5600367 Time: 0.225533008575
Epoch: 84, Mini-batch: 1 of 6 - Energy: 9193.82274744 Time: 0.239659070969
Epoch: 84, Mini-batch: 2 of 6 - Energy: 9383.92494862 Time: 0.227869033813
Epoch: 84, Mini-batch: 3 of 6 - Energy: 9345.54035047 Time: 0.231487035751
Epoch: 84, Mini-batch: 4 of 6 - Energy: 9808.10695982 Time: 0.234657049179
Epoch: 84, Mini-batch: 5 of 6 - Energy: 3743.75440213 Time: 0.136141777039
Test error: 1.54275474037 Test ll: -1.86488013693
Train error: 1.49519669326 Train ll: -1.82936598255
Epoch: 85, Mini-batch: 0 of 6 - Energy: 9336.80801932 Time: 0.221526861191
Epoch: 85, Mini-batch: 1 of 6 - Energy: 9719.60226433 Time: 0.224881887436
Epoch: 85, Mini-batch: 2 of 6 - Energy: 9304.50835568 Time: 0.218321084976
Epoch: 85, Mini-batch: 3 of 6 - Energy: 9439.53437987 Time: 0.21582698822
Epoch: 85, Mini-batch: 4 of 6 - Energy: 9253.10194921 Time: 0.223911046982
Epoch: 85, Mini-batch: 5 of 6 - Energy: 3792.57571822 Time: 0.119858026505
Test error: 1.54271133293 Test ll: -1.86437244631
Train error: 1.49444860778 Train ll: -1.82835703888
Epoch: 86, Mini-batch: 0 of 6 - Energy: 9261.11022487 Time: 0.239567995071
Epoch: 86, Mini-batch: 1 of 6 - Energy: 9451.33804429 Time: 0.240174055099
Epoch: 86, Mini-batch: 2 of 6 - Energy: 9458.94312861 Time: 0.239475011826
Epoch: 86, Mini-batch: 3 of 6 - Energy: 9410.06080445 Time: 0.242089033127
Epoch: 86, Mini-batch: 4 of 6 - Energy: 9477.94173478 Time: 0.243130922318
Epoch: 86, Mini-batch: 5 of 6 - Energy: 3767.20194594 Time: 0.14067196846
Test error: 1.54296748397 Test ll: -1.8640069175
Train error: 1.49409130502 Train ll: -1.82756512111
Epoch: 87, Mini-batch: 0 of 6 - Energy: 9425.57735175 Time: 0.230239152908
Epoch: 87, Mini-batch: 1 of 6 - Energy: 9376.06299515 Time: 0.23560500145
Epoch: 87, Mini-batch: 2 of 6 - Energy: 9308.48245364 Time: 0.233780860901
Epoch: 87, Mini-batch: 3 of 6 - Energy: 9457.47460956 Time: 0.230930805206
Epoch: 87, Mini-batch: 4 of 6 - Energy: 9624.78223918 Time: 0.237632036209
Epoch: 87, Mini-batch: 5 of 6 - Energy: 3615.80251796 Time: 0.12074303627
Test error: 1.54153958559 Test ll: -1.86217595287
Train error: 1.49361544073 Train ll: -1.82670523792
Epoch: 88, Mini-batch: 0 of 6 - Energy: 9444.47233727 Time: 0.216611862183
Epoch: 88, Mini-batch: 1 of 6 - Energy: 9424.70506958 Time: 0.221166849136
Epoch: 88, Mini-batch: 2 of 6 - Energy: 9376.68592567 Time: 0.221009016037
Epoch: 88, Mini-batch: 3 of 6 - Energy: 9365.86412571 Time: 0.221894025803
Epoch: 88, Mini-batch: 4 of 6 - Energy: 9461.30598613 Time: 0.224174976349
Epoch: 88, Mini-batch: 5 of 6 - Energy: 3707.13235472 Time: 0.117866039276
Test error: 1.54195499383 Test ll: -1.86198952434
Train error: 1.49319552331 Train ll: -1.82593278347
Epoch: 89, Mini-batch: 0 of 6 - Energy: 9424.05047499 Time: 0.225054979324
Epoch: 89, Mini-batch: 1 of 6 - Energy: 9474.82329918 Time: 0.224118947983
Epoch: 89, Mini-batch: 2 of 6 - Energy: 9278.02848591 Time: 0.228283882141
Epoch: 89, Mini-batch: 3 of 6 - Energy: 9427.47998935 Time: 0.223647117615
Epoch: 89, Mini-batch: 4 of 6 - Energy: 9395.72665278 Time: 0.239017009735
Epoch: 89, Mini-batch: 5 of 6 - Energy: 3765.72082465 Time: 0.135586023331
Test error: 1.54113858104 Test ll: -1.86075847475
Train error: 1.49268486411 Train ll: -1.8250598228
Epoch: 90, Mini-batch: 0 of 6 - Energy: 9469.38784054 Time: 0.214351892471
Epoch: 90, Mini-batch: 1 of 6 - Energy: 9658.0593598 Time: 0.218487024307
Epoch: 90, Mini-batch: 2 of 6 - Energy: 9297.92602534 Time: 0.222723007202
Epoch: 90, Mini-batch: 3 of 6 - Energy: 9597.11222977 Time: 0.221158981323
Epoch: 90, Mini-batch: 4 of 6 - Energy: 9146.65412097 Time: 0.218225955963
Epoch: 90, Mini-batch: 5 of 6 - Energy: 3583.51729641 Time: 0.119229078293
Test error: 1.54202954653 Test ll: -1.86104345753
Train error: 1.49217632145 Train ll: -1.82423673088
Epoch: 91, Mini-batch: 0 of 6 - Energy: 9359.24458891 Time: 0.242634057999
Epoch: 91, Mini-batch: 1 of 6 - Energy: 9535.78882237 Time: 0.239649057388
Epoch: 91, Mini-batch: 2 of 6 - Energy: 9324.3280132 Time: 0.246531963348
Epoch: 91, Mini-batch: 3 of 6 - Energy: 9469.78308312 Time: 0.244621992111
Epoch: 91, Mini-batch: 4 of 6 - Energy: 9404.86600351 Time: 0.252285957336
Epoch: 91, Mini-batch: 5 of 6 - Energy: 3632.9812982 Time: 0.13881611824
Test error: 1.54215518281 Test ll: -1.86057815906
Train error: 1.49195067907 Train ll: -1.82362313393
Epoch: 92, Mini-batch: 0 of 6 - Energy: 9375.80583556 Time: 0.229454994202
Epoch: 92, Mini-batch: 1 of 6 - Energy: 9318.63656477 Time: 0.22958612442
Epoch: 92, Mini-batch: 2 of 6 - Energy: 9505.7135384 Time: 0.235876083374
Epoch: 92, Mini-batch: 3 of 6 - Energy: 9650.87511701 Time: 0.233011007309
Epoch: 92, Mini-batch: 4 of 6 - Energy: 9134.4051392 Time: 0.235481023788
Epoch: 92, Mini-batch: 5 of 6 - Energy: 3729.7131212 Time: 0.122664928436
Test error: 1.54043457196 Test ll: -1.85869953746
Train error: 1.49130336026 Train ll: -1.82275897249
Epoch: 93, Mini-batch: 0 of 6 - Energy: 9284.08136696 Time: 0.213774204254
Epoch: 93, Mini-batch: 1 of 6 - Energy: 9472.42533819 Time: 0.217842102051
Epoch: 93, Mini-batch: 2 of 6 - Energy: 9295.86625543 Time: 0.220146894455
Epoch: 93, Mini-batch: 3 of 6 - Energy: 9213.16532816 Time: 0.219717979431
Epoch: 93, Mini-batch: 4 of 6 - Energy: 9495.92054349 Time: 0.217414855957
Epoch: 93, Mini-batch: 5 of 6 - Energy: 3935.92770019 Time: 0.118995904922
Test error: 1.54110242797 Test ll: -1.85877859592
Train error: 1.49127144693 Train ll: -1.82226275153
Epoch: 94, Mini-batch: 0 of 6 - Energy: 9191.37833101 Time: 0.225821018219
Epoch: 94, Mini-batch: 1 of 6 - Energy: 9286.54312854 Time: 0.234228849411
Epoch: 94, Mini-batch: 2 of 6 - Energy: 9680.07985803 Time: 0.22704911232
Epoch: 94, Mini-batch: 3 of 6 - Energy: 9523.57032234 Time: 0.224881887436
Epoch: 94, Mini-batch: 4 of 6 - Energy: 9343.68514092 Time: 0.234033107758
Epoch: 94, Mini-batch: 5 of 6 - Energy: 3658.21128495 Time: 0.137392044067
Test error: 1.54034234772 Test ll: -1.85776116234
Train error: 1.49058992217 Train ll: -1.82141197127
Epoch: 95, Mini-batch: 0 of 6 - Energy: 9562.96055302 Time: 0.212615013123
Epoch: 95, Mini-batch: 1 of 6 - Energy: 9373.78327399 Time: 0.220009088516
Epoch: 95, Mini-batch: 2 of 6 - Energy: 9316.1794104 Time: 0.217111825943
Epoch: 95, Mini-batch: 3 of 6 - Energy: 9514.97078021 Time: 0.221347093582
Epoch: 95, Mini-batch: 4 of 6 - Energy: 9198.77435411 Time: 0.21966791153
Epoch: 95, Mini-batch: 5 of 6 - Energy: 3700.5896489 Time: 0.120446920395
Test error: 1.54012823904 Test ll: -1.85702486138
Train error: 1.49021466767 Train ll: -1.82073183406
Epoch: 96, Mini-batch: 0 of 6 - Energy: 9453.40194543 Time: 0.239040851593
Epoch: 96, Mini-batch: 1 of 6 - Energy: 9372.93281425 Time: 0.249308109283
Epoch: 96, Mini-batch: 2 of 6 - Energy: 9509.98631677 Time: 0.242000102997
Epoch: 96, Mini-batch: 3 of 6 - Energy: 9186.2823436 Time: 0.240354061127
Epoch: 96, Mini-batch: 4 of 6 - Energy: 9379.06328465 Time: 0.243290901184
Epoch: 96, Mini-batch: 5 of 6 - Energy: 3747.54898976 Time: 0.14247584343
Test error: 1.5407760729 Test ll: -1.85712138253
Train error: 1.49027752314 Train ll: -1.82035710885
Epoch: 97, Mini-batch: 0 of 6 - Energy: 9307.24341144 Time: 0.230680942535
Epoch: 97, Mini-batch: 1 of 6 - Energy: 9350.50999464 Time: 0.235434055328
Epoch: 97, Mini-batch: 2 of 6 - Energy: 9363.68166473 Time: 0.238233089447
Epoch: 97, Mini-batch: 3 of 6 - Energy: 9360.92025099 Time: 0.235418081284
Epoch: 97, Mini-batch: 4 of 6 - Energy: 9611.2678468 Time: 0.237561941147
Epoch: 97, Mini-batch: 5 of 6 - Energy: 3634.54123867 Time: 0.120933055878
Test error: 1.54079912665 Test ll: -1.85666166382
Train error: 1.48935220244 Train ll: -1.81930252202
Epoch: 98, Mini-batch: 0 of 6 - Energy: 9391.69401132 Time: 0.214493989944
Epoch: 98, Mini-batch: 1 of 6 - Energy: 9736.16164444 Time: 0.21746301651
Epoch: 98, Mini-batch: 2 of 6 - Energy: 9303.65893049 Time: 0.223488092422
Epoch: 98, Mini-batch: 3 of 6 - Energy: 9360.52141875 Time: 0.220477104187
Epoch: 98, Mini-batch: 4 of 6 - Energy: 9223.4506579 Time: 0.217558145523
Epoch: 98, Mini-batch: 5 of 6 - Energy: 3606.95425512 Time: 0.117671012878
Test error: 1.53925813036 Test ll: -1.8549786581
Train error: 1.48899965382 Train ll: -1.81871580502
Epoch: 99, Mini-batch: 0 of 6 - Energy: 9180.27862096 Time: 0.226533889771
Epoch: 99, Mini-batch: 1 of 6 - Energy: 9735.38621023 Time: 0.223830938339
Epoch: 99, Mini-batch: 2 of 6 - Energy: 9296.24442313 Time: 0.228833913803
Epoch: 99, Mini-batch: 3 of 6 - Energy: 9210.22451669 Time: 0.222738981247
Epoch: 99, Mini-batch: 4 of 6 - Energy: 9362.50950144 Time: 0.230766057968
Epoch: 99, Mini-batch: 5 of 6 - Energy: 3815.03894174 Time: 0.136392116547
Test error: 1.53988277056 Test ll: -1.85504884568
Train error: 1.48896314784 Train ll: -1.81829712261
slurmstepd: error: *** JOB 16498093 ON node081 CANCELLED AT 2020-04-04T02:29:59 ***
