#################################################################
# If you used AutoDock Vina in your work, please cite:          #
#                                                               #
# O. Trott, A. J. Olson,                                        #
# AutoDock Vina: improving the speed and accuracy of docking    #
# with a new scoring function, efficient optimization and       #
# multithreading, Journal of Computational Chemistry 31 (2010)  #
# 455-461                                                       #
#                                                               #
# DOI 10.1002/jcc.21334                                         #
#                                                               #
# Please see http://vina.scripps.edu for more information.      #
#################################################################

Output will be lig26835_out.pdbqt
Detected 48 CPUs
WARNING: at low exhaustiveness, it may be impossible to utilize all CPUs
Reading input ... done.
Setting up the scoring function ... done.
Analyzing the binding site ... done.
Using random seed: -262015094
Performing search ... done.
Refining results ... done.

mode |   affinity | dist from best mode
     | (kcal/mol) | rmsd l.b.| rmsd u.b.
-----+------------+----------+----------
   1         -6.7      0.000      0.000
   2         -6.0      3.803      8.007
   3         -5.9      3.621      4.891
   4         -5.9      6.994     10.017
   5         -5.7      3.995      7.840
   6         -5.7      3.068      4.890
   7         -5.6      3.329      7.545
   8         -5.6      4.605      7.860
   9         -5.6      4.577      6.113
Writing output ... done.
