#################################################################
# If you used AutoDock Vina in your work, please cite:          #
#                                                               #
# O. Trott, A. J. Olson,                                        #
# AutoDock Vina: improving the speed and accuracy of docking    #
# with a new scoring function, efficient optimization and       #
# multithreading, Journal of Computational Chemistry 31 (2010)  #
# 455-461                                                       #
#                                                               #
# DOI 10.1002/jcc.21334                                         #
#                                                               #
# Please see http://vina.scripps.edu for more information.      #
#################################################################

Output will be lig11139_out.pdbqt
Detected 8 CPUs
Reading input ... done.
Setting up the scoring function ... done.
Analyzing the binding site ... done.
Using random seed: -1461548319
Performing search ... done.
Refining results ... done.

mode |   affinity | dist from best mode
     | (kcal/mol) | rmsd l.b.| rmsd u.b.
-----+------------+----------+----------
   1         -7.4      0.000      0.000
   2         -6.9      2.561      2.981
   3         -6.8      2.727      6.592
   4         -6.8      2.363      3.335
   5         -6.8      3.099      4.994
   6         -6.4      3.349      7.273
   7         -6.4      3.059      7.366
   8         -6.3      3.033      4.440
   9         -6.2      2.739      4.795
Writing output ... done.
