#################################################################
# If you used AutoDock Vina in your work, please cite:          #
#                                                               #
# O. Trott, A. J. Olson,                                        #
# AutoDock Vina: improving the speed and accuracy of docking    #
# with a new scoring function, efficient optimization and       #
# multithreading, Journal of Computational Chemistry 31 (2010)  #
# 455-461                                                       #
#                                                               #
# DOI 10.1002/jcc.21334                                         #
#                                                               #
# Please see http://vina.scripps.edu for more information.      #
#################################################################

Output will be lig23101_out.pdbqt
Detected 8 CPUs
Reading input ... done.
Setting up the scoring function ... done.
Analyzing the binding site ... done.
Using random seed: -250850176
Performing search ... done.
Refining results ... done.

mode |   affinity | dist from best mode
     | (kcal/mol) | rmsd l.b.| rmsd u.b.
-----+------------+----------+----------
   1         -6.9      0.000      0.000
   2         -6.5      4.209      6.605
   3         -6.4      3.627      5.601
   4         -6.3      3.878      7.436
   5         -6.3      4.141      5.470
   6         -6.2      4.203      6.690
   7         -6.2      3.106      5.825
   8         -6.2      3.522      6.851
   9         -6.2      3.533      4.453
Writing output ... done.
